0 info it worked if it ends with ok
1 verbose cli [ '/usr/bin/node', '/usr/bin/npm', 'run', 'dev' ]
2 info using npm@2.15.11
3 info using node@v4.8.7
4 verbose run-script [ 'predev', 'dev', 'postdev' ]
5 info predev cloud_application_development@1.0.0
6 info dev cloud_application_development@1.0.0
7 verbose unsafe-perm in lifecycle true
8 info cloud_application_development@1.0.0 Failed to exec dev script
9 verbose stack Error: cloud_application_development@1.0.0 dev: `npx nodemon
9 verbose stack  	Nodemon has been started enjoyyy`
9 verbose stack spawn ENOENT
9 verbose stack     at ChildProcess.<anonymous> (/usr/lib/node_modules/npm/lib/utils/spawn.js:17:16)
9 verbose stack     at emitTwo (events.js:87:13)
9 verbose stack     at ChildProcess.emit (events.js:172:7)
9 verbose stack     at maybeClose (internal/child_process.js:862:16)
9 verbose stack     at Process.ChildProcess._handle.onexit (internal/child_process.js:222:5)
10 verbose pkgid cloud_application_development@1.0.0
11 verbose cwd /mnt/c/Users/DELL/Documents/GitHub/Cloud_Application_APIs
12 error Linux 4.4.0-43-Microsoft
13 error argv "/usr/bin/node" "/usr/bin/npm" "run" "dev"
14 error node v4.8.7
15 error npm  v2.15.11
16 error file sh
17 error code ELIFECYCLE
18 error errno ENOENT
19 error syscall spawn
20 error cloud_application_development@1.0.0 dev: `npx nodemon
20 error  	Nodemon has been started enjoyyy`
20 error spawn ENOENT
21 error Failed at the cloud_application_development@1.0.0 dev script 'npx nodemon
21 error  	Nodemon has been started enjoyyy'.
21 error This is most likely a problem with the cloud_application_development package,
21 error not with npm itself.
21 error Tell the author that this fails on your system:
21 error     npx nodemon
21 error  	Nodemon has been started enjoyyy
21 error You can get information on how to open an issue for this project with:
21 error     npm bugs cloud_application_development
21 error Or if that isn't available, you can get their info via:
21 error
21 error     npm owner ls cloud_application_development
21 error There is likely additional logging output above.
22 verbose exit [ 1, true ]
